1 samll instance

1GB
./valsort data-1GB_sorted.txt
Records: 10737418
Checksum: 51e608173337de
Duplicate keys: 368532
SUCCESS - all records are in order

4GB
./valsort record_4GB_sorted.txt
Records: 42949672
Checksum: 147a6e74151eb00
Duplicate keys: 2426680
SUCCESS - all records are in order

16GB
./valsort output_sorted.txt
Records: 171798690
Checksum: 51ecbbabb0942db
Duplicate keys: 86040842
SUCCESS - all records are in order

1 large instance

1GB	
./valsort output_1gb.txt 
Records: 10737418
Checksum: 51ec4739ccf08c
Duplicate keys: 0
SUCCESS - all records are in order
 
4GB
./valsort output_4gb.txt 
Records: 42949672
Checksum: 147a1348645ab6e
Duplicate keys: 0
SUCCESS - all records are in order


16GB
 ./valsort output_16gb.txt 
Records: 171798691
Checksum: 51ea28e182989d7
Duplicate keys: 0
SUCCESS - all records are in order

32 GB
./valsort output_32gb.txt 
Records: 343597383
Checksum: a3d691a53de5ed5
Duplicate keys: 0
SUCCESS - all records are in order  
